android_application/openCVLibrary4.0.1/build/outputs/logs/manifest-merger-debug-report.txt
-- Merging decision tree log ---
manifest
ADDED from android_application\openCVLibrary4.0.1\AndroidManifest.xml:2:1-6:12
INJECTED from android_application\openCVLibrary4.0.1\AndroidManifest.xml:2:1-6:12
INJECTED from android_application\openCVLibrary4.0.1\AndroidManifest.xml:2:1-6:12
INJECTED from android_application\openCVLibrary4.0.1\AndroidManifest.xml:2:1-6:12
INJECTED from android_application\openCVLibrary4.0.1\AndroidManifest.xml:2:1-6:12
INJECTED from android_application\openCVLibrary4.0.1\AndroidManifest.xml:2:1-6:12
INJECTED from android_application\openCVLibrary4.0.1\AndroidManifest.xml:2:1-6:12
	package
		ADDED from android_application\openCVLibrary4.0.1\AndroidManifest.xml:3:7-27
		INJECTED from android_application\openCVLibrary4.0.1\AndroidManifest.xml
		INJECTED from android_application\openCVLibrary4.0.1\AndroidManifest.xml
	android:versionName
		ADDED from android_application\openCVLibrary4.0.1\AndroidManifest.xml:5:7-34
		INJECTED from android_application\openCVLibrary4.0.1\AndroidManifest.xml
		INJECTED from android_application\openCVLibrary4.0.1\AndroidManifest.xml
	xmlns:android
		ADDED from android_application\openCVLibrary4.0.1\AndroidManifest.xml:2:11-69
	android:versionCode
		ADDED from android_application\openCVLibrary4.0.1\AndroidManifest.xml:4:7-33
		INJECTED from android_application\openCVLibrary4.0.1\AndroidManifest.xml
		INJECTED from android_application\openCVLibrary4.0.1\AndroidManifest.xml
uses-sdk
INJECTED from android_application\openCVLibrary4.0.1\AndroidManifest.xml reason: use-sdk injection requested
INJECTED from android_application\openCVLibrary4.0.1\AndroidManifest.xml
INJECTED from android_application\openCVLibrary4.0.1\AndroidManifest.xml
INJECTED from android_application\openCVLibrary4.0.1\AndroidManifest.xml
INJECTED from android_application\openCVLibrary4.0.1\AndroidManifest.xml
	android:targetSdkVersion
		INJECTED from android_application\openCVLibrary4.0.1\AndroidManifest.xml
		ADDED from android_application\openCVLibrary4.0.1\AndroidManifest.xml
		INJECTED from android_application\openCVLibrary4.0.1\AndroidManifest.xml
	android:minSdkVersion
		INJECTED from android_application\openCVLibrary4.0.1\AndroidManifest.xml
		ADDED from android_application\openCVLibrary4.0.1\AndroidManifest.xml
		INJECTED from android_application\openCVLibrary4.0.1\AndroidManifest.xml